<?xml version="1.0" encoding="UTF-8" standalone="yes"?>
<ns2:test-suite start="1474768339293" stop="1474768339437" xmlns:ns2="urn:model.allure.qatools.yandex.ru">
    <name>org.hometest.test.AddOperationTest</name>
    <test-cases>
        <test-case start="1474768339305" stop="1474768339372" status="passed">
            <name>Test[1 + 1 = 2]</name>
            <steps>
                <step start="1474768339367" stop="1474768339368" status="passed">
                    <name>addTest[1, 1, 2]</name>
                    <title>Check adding operation result</title>
                </step>
            </steps>
            <attachments/>
            <labels>
                <label name="feature" value="Adding"/>
                <label name="host" value="ilia-pc"/>
                <label name="thread" value="7228@ilia-pc.main(1)"/>
            </labels>
        </test-case>
        <test-case start="1474768339374" stop="1474768339374" status="passed">
            <name>Test[143 + 0 = 143]</name>
            <steps>
                <step start="1474768339374" stop="1474768339374" status="passed">
                    <name>addTest[143, 0, 143]</name>
                    <title>Check adding operation result</title>
                </step>
            </steps>
            <attachments/>
            <labels>
                <label name="feature" value="Adding"/>
                <label name="host" value="ilia-pc"/>
                <label name="thread" value="7228@ilia-pc.main(1)"/>
            </labels>
        </test-case>
        <test-case start="1474768339375" stop="1474768339375" status="passed">
            <name>Test[0 + 256 = 256]</name>
            <steps>
                <step start="1474768339375" stop="1474768339375" status="passed">
                    <name>addTest[0, 256, 256]</name>
                    <title>Check adding operation result</title>
                </step>
            </steps>
            <attachments/>
            <labels>
                <label name="feature" value="Adding"/>
                <label name="host" value="ilia-pc"/>
                <label name="thread" value="7228@ilia-pc.main(1)"/>
            </labels>
        </test-case>
        <test-case start="1474768339375" stop="1474768339375" status="passed">
            <name>Test[1333 + 1333 = 2666]</name>
            <steps>
                <step start="1474768339375" stop="1474768339375" status="passed">
                    <name>addTest[1333, 1333, 2666]</name>
                    <title>Check adding operation result</title>
                </step>
            </steps>
            <attachments/>
            <labels>
                <label name="feature" value="Adding"/>
                <label name="host" value="ilia-pc"/>
                <label name="thread" value="7228@ilia-pc.main(1)"/>
            </labels>
        </test-case>
        <test-case start="1474768339376" stop="1474768339376" status="passed">
            <name>Test[0 + -21 = -21]</name>
            <steps>
                <step start="1474768339376" stop="1474768339376" status="passed">
                    <name>addTest[0, -21, -21]</name>
                    <title>Check adding operation result</title>
                </step>
            </steps>
            <attachments/>
            <labels>
                <label name="feature" value="Adding"/>
                <label name="host" value="ilia-pc"/>
                <label name="thread" value="7228@ilia-pc.main(1)"/>
            </labels>
        </test-case>
        <test-case start="1474768339376" stop="1474768339389" status="failed">
            <name>Test[1 + -21 = -21]</name>
            <failure>
                <message>AssertionError: expected:&lt;-21&gt; but was:&lt;-20&gt;</message>
                <stack-trace>java.lang.AssertionError: expected:&lt;-21&gt; but was:&lt;-20&gt;
	at org.junit.Assert.fail(Assert.java:88)
	at org.junit.Assert.failNotEquals(Assert.java:834)
	at org.junit.Assert.assertEquals(Assert.java:645)
	at org.junit.Assert.assertEquals(Assert.java:631)
	at org.hometest.test.OperationTestSteps.addTest(OperationTestSteps.java:18)
	at org.hometest.test.AddOperationTest.Test(AddOperationTest.java:31)
	at sun.reflect.NativeMethodAccessorImpl.invoke0(Native Method)
	at sun.reflect.NativeMethodAccessorImpl.invoke(NativeMethodAccessorImpl.java:57)
	at sun.reflect.DelegatingMethodAccessorImpl.invoke(DelegatingMethodAccessorImpl.java:43)
	at java.lang.reflect.Method.invoke(Method.java:606)
	at org.junit.runners.model.FrameworkMethod$1.runReflectiveCall(FrameworkMethod.java:50)
	at org.junit.internal.runners.model.ReflectiveCallable.run(ReflectiveCallable.java:12)
	at org.junit.runners.model.FrameworkMethod.invokeExplosively(FrameworkMethod.java:47)
	at org.junit.internal.runners.statements.InvokeMethod.evaluate(InvokeMethod.java:17)
	at org.junit.runners.ParentRunner.runLeaf(ParentRunner.java:325)
	at org.junit.runners.BlockJUnit4ClassRunner.runChild(BlockJUnit4ClassRunner.java:78)
	at org.junit.runners.BlockJUnit4ClassRunner.runChild(BlockJUnit4ClassRunner.java:57)
	at org.junit.runners.ParentRunner$3.run(ParentRunner.java:290)
	at org.junit.runners.ParentRunner$1.schedule(ParentRunner.java:71)
	at org.junit.runners.ParentRunner.runChildren(ParentRunner.java:288)
	at org.junit.runners.ParentRunner.access$000(ParentRunner.java:58)
	at org.junit.runners.ParentRunner$2.evaluate(ParentRunner.java:268)
	at org.junit.runners.ParentRunner.run(ParentRunner.java:363)
	at org.junit.runners.Suite.runChild(Suite.java:128)
	at org.junit.runners.Suite.runChild(Suite.java:27)
	at org.junit.runners.ParentRunner$3.run(ParentRunner.java:290)
	at org.junit.runners.ParentRunner$1.schedule(ParentRunner.java:71)
	at org.junit.runners.ParentRunner.runChildren(ParentRunner.java:288)
	at org.junit.runners.ParentRunner.access$000(ParentRunner.java:58)
	at org.junit.runners.ParentRunner$2.evaluate(ParentRunner.java:268)
	at org.junit.runners.ParentRunner.run(ParentRunner.java:363)
	at org.apache.maven.surefire.junit4.JUnit4Provider.execute(JUnit4Provider.java:264)
	at org.apache.maven.surefire.junit4.JUnit4Provider.executeTestSet(JUnit4Provider.java:153)
	at org.apache.maven.surefire.junit4.JUnit4Provider.invoke(JUnit4Provider.java:124)
	at sun.reflect.NativeMethodAccessorImpl.invoke0(Native Method)
	at sun.reflect.NativeMethodAccessorImpl.invoke(NativeMethodAccessorImpl.java:57)
	at sun.reflect.DelegatingMethodAccessorImpl.invoke(DelegatingMethodAccessorImpl.java:43)
	at java.lang.reflect.Method.invoke(Method.java:606)
	at org.apache.maven.surefire.util.ReflectionUtils.invokeMethodWithArray2(ReflectionUtils.java:208)
	at org.apache.maven.surefire.booter.ProviderFactory$ProviderProxy.invoke(ProviderFactory.java:158)
	at org.apache.maven.surefire.booter.ProviderFactory.invokeProvider(ProviderFactory.java:86)
	at org.apache.maven.surefire.booter.ForkedBooter.runSuitesInProcess(ForkedBooter.java:153)
	at org.apache.maven.surefire.booter.ForkedBooter.main(ForkedBooter.java:95)
</stack-trace>
            </failure>
            <steps>
                <step start="1474768339377" stop="1474768339378" status="failed">
                    <name>addTest[1, -21, -21]</name>
                    <title>Check adding operation result</title>
                </step>
            </steps>
            <attachments/>
            <labels>
                <label name="feature" value="Adding"/>
                <label name="host" value="ilia-pc"/>
                <label name="thread" value="7228@ilia-pc.main(1)"/>
            </labels>
        </test-case>
        <test-case start="1474768339389" stop="1474768339389" status="passed">
            <name>Test[-14 + 28 = 14]</name>
            <steps>
                <step start="1474768339389" stop="1474768339389" status="passed">
                    <name>addTest[-14, 28, 14]</name>
                    <title>Check adding operation result</title>
                </step>
            </steps>
            <attachments/>
            <labels>
                <label name="feature" value="Adding"/>
                <label name="host" value="ilia-pc"/>
                <label name="thread" value="7228@ilia-pc.main(1)"/>
            </labels>
        </test-case>
        <test-case start="1474768339390" stop="1474768339390" status="passed">
            <name>Test[0 + 0 = 0]</name>
            <steps>
                <step start="1474768339390" stop="1474768339390" status="passed">
                    <name>addTest[0, 0, 0]</name>
                    <title>Check adding operation result</title>
                </step>
            </steps>
            <attachments/>
            <labels>
                <label name="feature" value="Adding"/>
                <label name="host" value="ilia-pc"/>
                <label name="thread" value="7228@ilia-pc.main(1)"/>
            </labels>
        </test-case>
        <test-case start="1474768339422" stop="1474768339422" status="passed">
            <name>Test[1 + 1 = 2]</name>
            <steps>
                <step start="1474768339422" stop="1474768339422" status="passed">
                    <name>addTest[1, 1, 2]</name>
                    <title>Check adding operation result</title>
                </step>
            </steps>
            <attachments/>
            <labels>
                <label name="feature" value="Adding"/>
                <label name="host" value="ilia-pc"/>
                <label name="thread" value="7228@ilia-pc.main(1)"/>
            </labels>
        </test-case>
        <test-case start="1474768339422" stop="1474768339423" status="passed">
            <name>Test[143 + 0 = 143]</name>
            <steps>
                <step start="1474768339422" stop="1474768339422" status="passed">
                    <name>addTest[143, 0, 143]</name>
                    <title>Check adding operation result</title>
                </step>
            </steps>
            <attachments/>
            <labels>
                <label name="feature" value="Adding"/>
                <label name="host" value="ilia-pc"/>
                <label name="thread" value="7228@ilia-pc.main(1)"/>
            </labels>
        </test-case>
        <test-case start="1474768339423" stop="1474768339423" status="passed">
            <name>Test[0 + 256 = 256]</name>
            <steps>
                <step start="1474768339423" stop="1474768339423" status="passed">
                    <name>addTest[0, 256, 256]</name>
                    <title>Check adding operation result</title>
                </step>
            </steps>
            <attachments/>
            <labels>
                <label name="feature" value="Adding"/>
                <label name="host" value="ilia-pc"/>
                <label name="thread" value="7228@ilia-pc.main(1)"/>
            </labels>
        </test-case>
        <test-case start="1474768339423" stop="1474768339423" status="passed">
            <name>Test[1333 + 1333 = 2666]</name>
            <steps>
                <step start="1474768339423" stop="1474768339423" status="passed">
                    <name>addTest[1333, 1333, 2666]</name>
                    <title>Check adding operation result</title>
                </step>
            </steps>
            <attachments/>
            <labels>
                <label name="feature" value="Adding"/>
                <label name="host" value="ilia-pc"/>
                <label name="thread" value="7228@ilia-pc.main(1)"/>
            </labels>
        </test-case>
        <test-case start="1474768339424" stop="1474768339424" status="passed">
            <name>Test[0 + -21 = -21]</name>
            <steps>
                <step start="1474768339424" stop="1474768339424" status="passed">
                    <name>addTest[0, -21, -21]</name>
                    <title>Check adding operation result</title>
                </step>
            </steps>
            <attachments/>
            <labels>
                <label name="feature" value="Adding"/>
                <label name="host" value="ilia-pc"/>
                <label name="thread" value="7228@ilia-pc.main(1)"/>
            </labels>
        </test-case>
        <test-case start="1474768339424" stop="1474768339424" status="failed">
            <name>Test[1 + -21 = -21]</name>
            <failure>
                <message>AssertionError: expected:&lt;-21&gt; but was:&lt;-20&gt;</message>
                <stack-trace>java.lang.AssertionError: expected:&lt;-21&gt; but was:&lt;-20&gt;
	at org.junit.Assert.fail(Assert.java:88)
	at org.junit.Assert.failNotEquals(Assert.java:834)
	at org.junit.Assert.assertEquals(Assert.java:645)
	at org.junit.Assert.assertEquals(Assert.java:631)
	at org.hometest.test.OperationTestSteps.addTest(OperationTestSteps.java:18)
	at org.hometest.test.AddOperationTest.Test(AddOperationTest.java:31)
	at sun.reflect.NativeMethodAccessorImpl.invoke0(Native Method)
	at sun.reflect.NativeMethodAccessorImpl.invoke(NativeMethodAccessorImpl.java:57)
	at sun.reflect.DelegatingMethodAccessorImpl.invoke(DelegatingMethodAccessorImpl.java:43)
	at java.lang.reflect.Method.invoke(Method.java:606)
	at org.junit.runners.model.FrameworkMethod$1.runReflectiveCall(FrameworkMethod.java:50)
	at org.junit.internal.runners.model.ReflectiveCallable.run(ReflectiveCallable.java:12)
	at org.junit.runners.model.FrameworkMethod.invokeExplosively(FrameworkMethod.java:47)
	at org.junit.internal.runners.statements.InvokeMethod.evaluate(InvokeMethod.java:17)
	at org.junit.runners.ParentRunner.runLeaf(ParentRunner.java:325)
	at org.junit.runners.BlockJUnit4ClassRunner.runChild(BlockJUnit4ClassRunner.java:78)
	at org.junit.runners.BlockJUnit4ClassRunner.runChild(BlockJUnit4ClassRunner.java:57)
	at org.junit.runners.ParentRunner$3.run(ParentRunner.java:290)
	at org.junit.runners.ParentRunner$1.schedule(ParentRunner.java:71)
	at org.junit.runners.ParentRunner.runChildren(ParentRunner.java:288)
	at org.junit.runners.ParentRunner.access$000(ParentRunner.java:58)
	at org.junit.runners.ParentRunner$2.evaluate(ParentRunner.java:268)
	at org.junit.runners.ParentRunner.run(ParentRunner.java:363)
	at org.junit.runners.Suite.runChild(Suite.java:128)
	at org.junit.runners.Suite.runChild(Suite.java:27)
	at org.junit.runners.ParentRunner$3.run(ParentRunner.java:290)
	at org.junit.runners.ParentRunner$1.schedule(ParentRunner.java:71)
	at org.junit.runners.ParentRunner.runChildren(ParentRunner.java:288)
	at org.junit.runners.ParentRunner.access$000(ParentRunner.java:58)
	at org.junit.runners.ParentRunner$2.evaluate(ParentRunner.java:268)
	at org.junit.runners.ParentRunner.run(ParentRunner.java:363)
	at org.junit.runners.Suite.runChild(Suite.java:128)
	at org.junit.runners.Suite.runChild(Suite.java:27)
	at org.junit.runners.ParentRunner$3.run(ParentRunner.java:290)
	at org.junit.runners.ParentRunner$1.schedule(ParentRunner.java:71)
	at org.junit.runners.ParentRunner.runChildren(ParentRunner.java:288)
	at org.junit.runners.ParentRunner.access$000(ParentRunner.java:58)
	at org.junit.runners.ParentRunner$2.evaluate(ParentRunner.java:268)
	at org.junit.runners.ParentRunner.run(ParentRunner.java:363)
	at org.apache.maven.surefire.junit4.JUnit4Provider.execute(JUnit4Provider.java:264)
	at org.apache.maven.surefire.junit4.JUnit4Provider.executeTestSet(JUnit4Provider.java:153)
	at org.apache.maven.surefire.junit4.JUnit4Provider.invoke(JUnit4Provider.java:124)
	at sun.reflect.NativeMethodAccessorImpl.invoke0(Native Method)
	at sun.reflect.NativeMethodAccessorImpl.invoke(NativeMethodAccessorImpl.java:57)
	at sun.reflect.DelegatingMethodAccessorImpl.invoke(DelegatingMethodAccessorImpl.java:43)
	at java.lang.reflect.Method.invoke(Method.java:606)
	at org.apache.maven.surefire.util.ReflectionUtils.invokeMethodWithArray2(ReflectionUtils.java:208)
	at org.apache.maven.surefire.booter.ProviderFactory$ProviderProxy.invoke(ProviderFactory.java:158)
	at org.apache.maven.surefire.booter.ProviderFactory.invokeProvider(ProviderFactory.java:86)
	at org.apache.maven.surefire.booter.ForkedBooter.runSuitesInProcess(ForkedBooter.java:153)
	at org.apache.maven.surefire.booter.ForkedBooter.main(ForkedBooter.java:95)
</stack-trace>
            </failure>
            <steps>
                <step start="1474768339424" stop="1474768339424" status="failed">
                    <name>addTest[1, -21, -21]</name>
                    <title>Check adding operation result</title>
                </step>
            </steps>
            <attachments/>
            <labels>
                <label name="feature" value="Adding"/>
                <label name="host" value="ilia-pc"/>
                <label name="thread" value="7228@ilia-pc.main(1)"/>
            </labels>
        </test-case>
        <test-case start="1474768339425" stop="1474768339425" status="passed">
            <name>Test[-14 + 28 = 14]</name>
            <steps>
                <step start="1474768339425" stop="1474768339425" status="passed">
                    <name>addTest[-14, 28, 14]</name>
                    <title>Check adding operation result</title>
                </step>
            </steps>
            <attachments/>
            <labels>
                <label name="feature" value="Adding"/>
                <label name="host" value="ilia-pc"/>
                <label name="thread" value="7228@ilia-pc.main(1)"/>
            </labels>
        </test-case>
        <test-case start="1474768339425" stop="1474768339426" status="passed">
            <name>Test[0 + 0 = 0]</name>
            <steps>
                <step start="1474768339426" stop="1474768339426" status="passed">
                    <name>addTest[0, 0, 0]</name>
                    <title>Check adding operation result</title>
                </step>
            </steps>
            <attachments/>
            <labels>
                <label name="feature" value="Adding"/>
                <label name="host" value="ilia-pc"/>
                <label name="thread" value="7228@ilia-pc.main(1)"/>
            </labels>
        </test-case>
    </test-cases>
    <labels>
        <label name="framework" value="JUnit"/>
        <label name="language" value="JAVA"/>
    </labels>
</ns2:test-suite>
