<?xml version="1.0" encoding="UTF-8" standalone="yes"?>
<ns2:test-suite start="1474727738193" stop="1474727738310" xmlns:ns2="urn:model.allure.qatools.yandex.ru">
    <name>org.hometest.test.OperationTest</name>
    <title>Operation test suite</title>
    <test-cases>
        <test-case start="1474727738205" stop="1474727738266" status="passed">
            <name>Test[1 + 1 = 2]</name>
            <steps>
                <step start="1474727738263" stop="1474727738264" status="passed">
                    <name>addTest[1, 1, 2]</name>
                    <title>Check adding operation result</title>
                </step>
            </steps>
            <attachments/>
            <labels>
                <label name="host" value="ilia-pc"/>
                <label name="thread" value="6288@ilia-pc.main(1)"/>
            </labels>
        </test-case>
        <test-case start="1474727738270" stop="1474727738270" status="passed">
            <name>Test[143 + 0 = 143]</name>
            <steps>
                <step start="1474727738270" stop="1474727738270" status="passed">
                    <name>addTest[143, 0, 143]</name>
                    <title>Check adding operation result</title>
                </step>
            </steps>
            <attachments/>
            <labels>
                <label name="host" value="ilia-pc"/>
                <label name="thread" value="6288@ilia-pc.main(1)"/>
            </labels>
        </test-case>
        <test-case start="1474727738271" stop="1474727738271" status="passed">
            <name>Test[0 + 256 = 256]</name>
            <steps>
                <step start="1474727738271" stop="1474727738271" status="passed">
                    <name>addTest[0, 256, 256]</name>
                    <title>Check adding operation result</title>
                </step>
            </steps>
            <attachments/>
            <labels>
                <label name="host" value="ilia-pc"/>
                <label name="thread" value="6288@ilia-pc.main(1)"/>
            </labels>
        </test-case>
        <test-case start="1474727738271" stop="1474727738272" status="passed">
            <name>Test[1333 + 1333 = 2666]</name>
            <steps>
                <step start="1474727738271" stop="1474727738271" status="passed">
                    <name>addTest[1333, 1333, 2666]</name>
                    <title>Check adding operation result</title>
                </step>
            </steps>
            <attachments/>
            <labels>
                <label name="host" value="ilia-pc"/>
                <label name="thread" value="6288@ilia-pc.main(1)"/>
            </labels>
        </test-case>
        <test-case start="1474727738272" stop="1474727738272" status="passed">
            <name>Test[0 + -21 = -21]</name>
            <steps>
                <step start="1474727738272" stop="1474727738272" status="passed">
                    <name>addTest[0, -21, -21]</name>
                    <title>Check adding operation result</title>
                </step>
            </steps>
            <attachments/>
            <labels>
                <label name="host" value="ilia-pc"/>
                <label name="thread" value="6288@ilia-pc.main(1)"/>
            </labels>
        </test-case>
        <test-case start="1474727738273" stop="1474727738273" status="passed">
            <name>Test[-14 + 28 = 14]</name>
            <steps>
                <step start="1474727738273" stop="1474727738273" status="passed">
                    <name>addTest[-14, 28, 14]</name>
                    <title>Check adding operation result</title>
                </step>
            </steps>
            <attachments/>
            <labels>
                <label name="host" value="ilia-pc"/>
                <label name="thread" value="6288@ilia-pc.main(1)"/>
            </labels>
        </test-case>
        <test-case start="1474727738273" stop="1474727738273" status="passed">
            <name>Test[0 + 0 = 0]</name>
            <steps>
                <step start="1474727738273" stop="1474727738273" status="passed">
                    <name>addTest[0, 0, 0]</name>
                    <title>Check adding operation result</title>
                </step>
            </steps>
            <attachments/>
            <labels>
                <label name="host" value="ilia-pc"/>
                <label name="thread" value="6288@ilia-pc.main(1)"/>
            </labels>
        </test-case>
        <test-case start="1474727738274" stop="1474727738288" status="failed">
            <name>Test[2 - 1 = 1333]</name>
            <failure>
                <message>AssertionError: expected:&lt;1333&gt; but was:&lt;1&gt;</message>
                <stack-trace>java.lang.AssertionError: expected:&lt;1333&gt; but was:&lt;1&gt;
	at org.junit.Assert.fail(Assert.java:88)
	at org.junit.Assert.failNotEquals(Assert.java:834)
	at org.junit.Assert.assertEquals(Assert.java:645)
	at org.junit.Assert.assertEquals(Assert.java:631)
	at org.hometest.test.OperationTestSteps.subtractTest(OperationTestSteps.java:25)
	at org.hometest.test.OperationTest.Test(OperationTest.java:45)
	at sun.reflect.NativeMethodAccessorImpl.invoke0(Native Method)
	at sun.reflect.NativeMethodAccessorImpl.invoke(NativeMethodAccessorImpl.java:57)
	at sun.reflect.DelegatingMethodAccessorImpl.invoke(DelegatingMethodAccessorImpl.java:43)
	at java.lang.reflect.Method.invoke(Method.java:606)
	at org.junit.runners.model.FrameworkMethod$1.runReflectiveCall(FrameworkMethod.java:50)
	at org.junit.internal.runners.model.ReflectiveCallable.run(ReflectiveCallable.java:12)
	at org.junit.runners.model.FrameworkMethod.invokeExplosively(FrameworkMethod.java:47)
	at org.junit.internal.runners.statements.InvokeMethod.evaluate(InvokeMethod.java:17)
	at org.junit.runners.ParentRunner.runLeaf(ParentRunner.java:325)
	at org.junit.runners.BlockJUnit4ClassRunner.runChild(BlockJUnit4ClassRunner.java:78)
	at org.junit.runners.BlockJUnit4ClassRunner.runChild(BlockJUnit4ClassRunner.java:57)
	at org.junit.runners.ParentRunner$3.run(ParentRunner.java:290)
	at org.junit.runners.ParentRunner$1.schedule(ParentRunner.java:71)
	at org.junit.runners.ParentRunner.runChildren(ParentRunner.java:288)
	at org.junit.runners.ParentRunner.access$000(ParentRunner.java:58)
	at org.junit.runners.ParentRunner$2.evaluate(ParentRunner.java:268)
	at org.junit.runners.ParentRunner.run(ParentRunner.java:363)
	at org.junit.runners.Suite.runChild(Suite.java:128)
	at org.junit.runners.Suite.runChild(Suite.java:27)
	at org.junit.runners.ParentRunner$3.run(ParentRunner.java:290)
	at org.junit.runners.ParentRunner$1.schedule(ParentRunner.java:71)
	at org.junit.runners.ParentRunner.runChildren(ParentRunner.java:288)
	at org.junit.runners.ParentRunner.access$000(ParentRunner.java:58)
	at org.junit.runners.ParentRunner$2.evaluate(ParentRunner.java:268)
	at org.junit.runners.ParentRunner.run(ParentRunner.java:363)
	at org.apache.maven.surefire.junit4.JUnit4Provider.execute(JUnit4Provider.java:264)
	at org.apache.maven.surefire.junit4.JUnit4Provider.executeTestSet(JUnit4Provider.java:153)
	at org.apache.maven.surefire.junit4.JUnit4Provider.invoke(JUnit4Provider.java:124)
	at sun.reflect.NativeMethodAccessorImpl.invoke0(Native Method)
	at sun.reflect.NativeMethodAccessorImpl.invoke(NativeMethodAccessorImpl.java:57)
	at sun.reflect.DelegatingMethodAccessorImpl.invoke(DelegatingMethodAccessorImpl.java:43)
	at java.lang.reflect.Method.invoke(Method.java:606)
	at org.apache.maven.surefire.util.ReflectionUtils.invokeMethodWithArray2(ReflectionUtils.java:208)
	at org.apache.maven.surefire.booter.ProviderFactory$ProviderProxy.invoke(ProviderFactory.java:158)
	at org.apache.maven.surefire.booter.ProviderFactory.invokeProvider(ProviderFactory.java:86)
	at org.apache.maven.surefire.booter.ForkedBooter.runSuitesInProcess(ForkedBooter.java:153)
	at org.apache.maven.surefire.booter.ForkedBooter.main(ForkedBooter.java:95)
</stack-trace>
            </failure>
            <steps>
                <step start="1474727738274" stop="1474727738276" status="failed">
                    <name>subtractTest[2, 1, 1333]</name>
                    <title>Check subtracting operation result</title>
                </step>
            </steps>
            <attachments/>
            <labels>
                <label name="host" value="ilia-pc"/>
                <label name="thread" value="6288@ilia-pc.main(1)"/>
            </labels>
        </test-case>
        <test-case start="1474727738289" stop="1474727738292" status="passed">
            <name>Test[111 - 0 = 111]</name>
            <steps>
                <step start="1474727738292" stop="1474727738292" status="passed">
                    <name>subtractTest[111, 0, 111]</name>
                    <title>Check subtracting operation result</title>
                </step>
            </steps>
            <attachments/>
            <labels>
                <label name="host" value="ilia-pc"/>
                <label name="thread" value="6288@ilia-pc.main(1)"/>
            </labels>
        </test-case>
        <test-case start="1474727738293" stop="1474727738293" status="failed">
            <name>Test[0 - 543 = 543]</name>
            <failure>
                <message>AssertionError: expected:&lt;543&gt; but was:&lt;-543&gt;</message>
                <stack-trace>java.lang.AssertionError: expected:&lt;543&gt; but was:&lt;-543&gt;
	at org.junit.Assert.fail(Assert.java:88)
	at org.junit.Assert.failNotEquals(Assert.java:834)
	at org.junit.Assert.assertEquals(Assert.java:645)
	at org.junit.Assert.assertEquals(Assert.java:631)
	at org.hometest.test.OperationTestSteps.subtractTest(OperationTestSteps.java:25)
	at org.hometest.test.OperationTest.Test(OperationTest.java:45)
	at sun.reflect.NativeMethodAccessorImpl.invoke0(Native Method)
	at sun.reflect.NativeMethodAccessorImpl.invoke(NativeMethodAccessorImpl.java:57)
	at sun.reflect.DelegatingMethodAccessorImpl.invoke(DelegatingMethodAccessorImpl.java:43)
	at java.lang.reflect.Method.invoke(Method.java:606)
	at org.junit.runners.model.FrameworkMethod$1.runReflectiveCall(FrameworkMethod.java:50)
	at org.junit.internal.runners.model.ReflectiveCallable.run(ReflectiveCallable.java:12)
	at org.junit.runners.model.FrameworkMethod.invokeExplosively(FrameworkMethod.java:47)
	at org.junit.internal.runners.statements.InvokeMethod.evaluate(InvokeMethod.java:17)
	at org.junit.runners.ParentRunner.runLeaf(ParentRunner.java:325)
	at org.junit.runners.BlockJUnit4ClassRunner.runChild(BlockJUnit4ClassRunner.java:78)
	at org.junit.runners.BlockJUnit4ClassRunner.runChild(BlockJUnit4ClassRunner.java:57)
	at org.junit.runners.ParentRunner$3.run(ParentRunner.java:290)
	at org.junit.runners.ParentRunner$1.schedule(ParentRunner.java:71)
	at org.junit.runners.ParentRunner.runChildren(ParentRunner.java:288)
	at org.junit.runners.ParentRunner.access$000(ParentRunner.java:58)
	at org.junit.runners.ParentRunner$2.evaluate(ParentRunner.java:268)
	at org.junit.runners.ParentRunner.run(ParentRunner.java:363)
	at org.junit.runners.Suite.runChild(Suite.java:128)
	at org.junit.runners.Suite.runChild(Suite.java:27)
	at org.junit.runners.ParentRunner$3.run(ParentRunner.java:290)
	at org.junit.runners.ParentRunner$1.schedule(ParentRunner.java:71)
	at org.junit.runners.ParentRunner.runChildren(ParentRunner.java:288)
	at org.junit.runners.ParentRunner.access$000(ParentRunner.java:58)
	at org.junit.runners.ParentRunner$2.evaluate(ParentRunner.java:268)
	at org.junit.runners.ParentRunner.run(ParentRunner.java:363)
	at org.apache.maven.surefire.junit4.JUnit4Provider.execute(JUnit4Provider.java:264)
	at org.apache.maven.surefire.junit4.JUnit4Provider.executeTestSet(JUnit4Provider.java:153)
	at org.apache.maven.surefire.junit4.JUnit4Provider.invoke(JUnit4Provider.java:124)
	at sun.reflect.NativeMethodAccessorImpl.invoke0(Native Method)
	at sun.reflect.NativeMethodAccessorImpl.invoke(NativeMethodAccessorImpl.java:57)
	at sun.reflect.DelegatingMethodAccessorImpl.invoke(DelegatingMethodAccessorImpl.java:43)
	at java.lang.reflect.Method.invoke(Method.java:606)
	at org.apache.maven.surefire.util.ReflectionUtils.invokeMethodWithArray2(ReflectionUtils.java:208)
	at org.apache.maven.surefire.booter.ProviderFactory$ProviderProxy.invoke(ProviderFactory.java:158)
	at org.apache.maven.surefire.booter.ProviderFactory.invokeProvider(ProviderFactory.java:86)
	at org.apache.maven.surefire.booter.ForkedBooter.runSuitesInProcess(ForkedBooter.java:153)
	at org.apache.maven.surefire.booter.ForkedBooter.main(ForkedBooter.java:95)
</stack-trace>
            </failure>
            <steps>
                <step start="1474727738293" stop="1474727738293" status="failed">
                    <name>subtractTest[0, 543, 543]</name>
                    <title>Check subtracting operation result</title>
                </step>
            </steps>
            <attachments/>
            <labels>
                <label name="host" value="ilia-pc"/>
                <label name="thread" value="6288@ilia-pc.main(1)"/>
            </labels>
        </test-case>
        <test-case start="1474727738294" stop="1474727738294" status="passed">
            <name>Test[-12 - -13 = 1]</name>
            <steps>
                <step start="1474727738294" stop="1474727738294" status="passed">
                    <name>subtractTest[-12, -13, 1]</name>
                    <title>Check subtracting operation result</title>
                </step>
            </steps>
            <attachments/>
            <labels>
                <label name="host" value="ilia-pc"/>
                <label name="thread" value="6288@ilia-pc.main(1)"/>
            </labels>
        </test-case>
        <test-case start="1474727738294" stop="1474727738295" status="passed">
            <name>Test[-13 - 14 = -27]</name>
            <steps>
                <step start="1474727738294" stop="1474727738295" status="passed">
                    <name>subtractTest[-13, 14, -27]</name>
                    <title>Check subtracting operation result</title>
                </step>
            </steps>
            <attachments/>
            <labels>
                <label name="host" value="ilia-pc"/>
                <label name="thread" value="6288@ilia-pc.main(1)"/>
            </labels>
        </test-case>
        <test-case start="1474727738295" stop="1474727738295" status="passed">
            <name>Test[1 * 1 = 1]</name>
            <steps>
                <step start="1474727738295" stop="1474727738295" status="passed">
                    <name>multiplyTest[1, 1, 1]</name>
                    <title>Check multiplying operation result</title>
                </step>
            </steps>
            <attachments/>
            <labels>
                <label name="host" value="ilia-pc"/>
                <label name="thread" value="6288@ilia-pc.main(1)"/>
            </labels>
        </test-case>
        <test-case start="1474727738295" stop="1474727738296" status="passed">
            <name>Test[10 * 0 = 0]</name>
            <steps>
                <step start="1474727738296" stop="1474727738296" status="passed">
                    <name>multiplyTest[10, 0, 0]</name>
                    <title>Check multiplying operation result</title>
                </step>
            </steps>
            <attachments/>
            <labels>
                <label name="host" value="ilia-pc"/>
                <label name="thread" value="6288@ilia-pc.main(1)"/>
            </labels>
        </test-case>
        <test-case start="1474727738296" stop="1474727738296" status="passed">
            <name>Test[-12 * 2 = -24]</name>
            <steps>
                <step start="1474727738296" stop="1474727738296" status="passed">
                    <name>multiplyTest[-12, 2, -24]</name>
                    <title>Check multiplying operation result</title>
                </step>
            </steps>
            <attachments/>
            <labels>
                <label name="host" value="ilia-pc"/>
                <label name="thread" value="6288@ilia-pc.main(1)"/>
            </labels>
        </test-case>
        <test-case start="1474727738297" stop="1474727738297" status="passed">
            <name>Test[-11 * -11 = 121]</name>
            <steps>
                <step start="1474727738297" stop="1474727738297" status="passed">
                    <name>multiplyTest[-11, -11, 121]</name>
                    <title>Check multiplying operation result</title>
                </step>
            </steps>
            <attachments/>
            <labels>
                <label name="host" value="ilia-pc"/>
                <label name="thread" value="6288@ilia-pc.main(1)"/>
            </labels>
        </test-case>
        <test-case start="1474727738297" stop="1474727738297" status="passed">
            <name>Test[0 * 2 = 0]</name>
            <steps>
                <step start="1474727738297" stop="1474727738297" status="passed">
                    <name>multiplyTest[0, 2, 0]</name>
                    <title>Check multiplying operation result</title>
                </step>
            </steps>
            <attachments/>
            <labels>
                <label name="host" value="ilia-pc"/>
                <label name="thread" value="6288@ilia-pc.main(1)"/>
            </labels>
        </test-case>
        <test-case start="1474727738298" stop="1474727738298" status="passed">
            <name>Test[1 / 1 = 1]</name>
            <steps>
                <step start="1474727738298" stop="1474727738298" status="passed">
                    <name>divisionTest[1, 1, 1]</name>
                    <title>Check dividing operation result</title>
                </step>
            </steps>
            <attachments/>
            <labels>
                <label name="host" value="ilia-pc"/>
                <label name="thread" value="6288@ilia-pc.main(1)"/>
            </labels>
        </test-case>
        <test-case start="1474727738298" stop="1474727738298" status="passed">
            <name>Test[12 / 2 = 6]</name>
            <steps>
                <step start="1474727738298" stop="1474727738298" status="passed">
                    <name>divisionTest[12, 2, 6]</name>
                    <title>Check dividing operation result</title>
                </step>
            </steps>
            <attachments/>
            <labels>
                <label name="host" value="ilia-pc"/>
                <label name="thread" value="6288@ilia-pc.main(1)"/>
            </labels>
        </test-case>
        <test-case start="1474727738299" stop="1474727738299" status="passed">
            <name>Test[0 / 12 = 0]</name>
            <steps>
                <step start="1474727738299" stop="1474727738299" status="passed">
                    <name>divisionTest[0, 12, 0]</name>
                    <title>Check dividing operation result</title>
                </step>
            </steps>
            <attachments/>
            <labels>
                <label name="host" value="ilia-pc"/>
                <label name="thread" value="6288@ilia-pc.main(1)"/>
            </labels>
        </test-case>
        <test-case start="1474727738299" stop="1474727738299" status="passed">
            <name>Test[-11 / 2 = -5.5]</name>
            <steps>
                <step start="1474727738299" stop="1474727738299" status="passed">
                    <name>divisionTest[-11, 2, -5.5]</name>
                    <title>Check dividing operation result</title>
                </step>
            </steps>
            <attachments/>
            <labels>
                <label name="host" value="ilia-pc"/>
                <label name="thread" value="6288@ilia-pc.main(1)"/>
            </labels>
        </test-case>
        <test-case start="1474727738300" stop="1474727738300" status="passed">
            <name>Test[-20 / -10 = 2]</name>
            <steps>
                <step start="1474727738300" stop="1474727738300" status="passed">
                    <name>divisionTest[-20, -10, 2]</name>
                    <title>Check dividing operation result</title>
                </step>
            </steps>
            <attachments/>
            <labels>
                <label name="host" value="ilia-pc"/>
                <label name="thread" value="6288@ilia-pc.main(1)"/>
            </labels>
        </test-case>
        <test-case start="1474727738300" stop="1474727738300" status="passed">
            <name>Test[2 / -1 = -2]</name>
            <steps>
                <step start="1474727738300" stop="1474727738300" status="passed">
                    <name>divisionTest[2, -1, -2]</name>
                    <title>Check dividing operation result</title>
                </step>
            </steps>
            <attachments/>
            <labels>
                <label name="host" value="ilia-pc"/>
                <label name="thread" value="6288@ilia-pc.main(1)"/>
            </labels>
        </test-case>
        <test-case start="1474727738301" stop="1474727738302" status="failed">
            <name>Test[3 / 2 = 1.3]</name>
            <failure>
                <message>AssertionError: expected:&lt;1.3&gt; but was:&lt;1.5&gt;</message>
                <stack-trace>java.lang.AssertionError: expected:&lt;1.3&gt; but was:&lt;1.5&gt;
	at org.junit.Assert.fail(Assert.java:88)
	at org.junit.Assert.failNotEquals(Assert.java:834)
	at org.junit.Assert.assertEquals(Assert.java:553)
	at org.junit.Assert.assertEquals(Assert.java:683)
	at org.hometest.test.OperationTestSteps.divisionTest(OperationTestSteps.java:40)
	at org.hometest.test.OperationTest.Test(OperationTest.java:51)
	at sun.reflect.GeneratedMethodAccessor1.invoke(Unknown Source)
	at sun.reflect.DelegatingMethodAccessorImpl.invoke(DelegatingMethodAccessorImpl.java:43)
	at java.lang.reflect.Method.invoke(Method.java:606)
	at org.junit.runners.model.FrameworkMethod$1.runReflectiveCall(FrameworkMethod.java:50)
	at org.junit.internal.runners.model.ReflectiveCallable.run(ReflectiveCallable.java:12)
	at org.junit.runners.model.FrameworkMethod.invokeExplosively(FrameworkMethod.java:47)
	at org.junit.internal.runners.statements.InvokeMethod.evaluate(InvokeMethod.java:17)
	at org.junit.runners.ParentRunner.runLeaf(ParentRunner.java:325)
	at org.junit.runners.BlockJUnit4ClassRunner.runChild(BlockJUnit4ClassRunner.java:78)
	at org.junit.runners.BlockJUnit4ClassRunner.runChild(BlockJUnit4ClassRunner.java:57)
	at org.junit.runners.ParentRunner$3.run(ParentRunner.java:290)
	at org.junit.runners.ParentRunner$1.schedule(ParentRunner.java:71)
	at org.junit.runners.ParentRunner.runChildren(ParentRunner.java:288)
	at org.junit.runners.ParentRunner.access$000(ParentRunner.java:58)
	at org.junit.runners.ParentRunner$2.evaluate(ParentRunner.java:268)
	at org.junit.runners.ParentRunner.run(ParentRunner.java:363)
	at org.junit.runners.Suite.runChild(Suite.java:128)
	at org.junit.runners.Suite.runChild(Suite.java:27)
	at org.junit.runners.ParentRunner$3.run(ParentRunner.java:290)
	at org.junit.runners.ParentRunner$1.schedule(ParentRunner.java:71)
	at org.junit.runners.ParentRunner.runChildren(ParentRunner.java:288)
	at org.junit.runners.ParentRunner.access$000(ParentRunner.java:58)
	at org.junit.runners.ParentRunner$2.evaluate(ParentRunner.java:268)
	at org.junit.runners.ParentRunner.run(ParentRunner.java:363)
	at org.apache.maven.surefire.junit4.JUnit4Provider.execute(JUnit4Provider.java:264)
	at org.apache.maven.surefire.junit4.JUnit4Provider.executeTestSet(JUnit4Provider.java:153)
	at org.apache.maven.surefire.junit4.JUnit4Provider.invoke(JUnit4Provider.java:124)
	at sun.reflect.NativeMethodAccessorImpl.invoke0(Native Method)
	at sun.reflect.NativeMethodAccessorImpl.invoke(NativeMethodAccessorImpl.java:57)
	at sun.reflect.DelegatingMethodAccessorImpl.invoke(DelegatingMethodAccessorImpl.java:43)
	at java.lang.reflect.Method.invoke(Method.java:606)
	at org.apache.maven.surefire.util.ReflectionUtils.invokeMethodWithArray2(ReflectionUtils.java:208)
	at org.apache.maven.surefire.booter.ProviderFactory$ProviderProxy.invoke(ProviderFactory.java:158)
	at org.apache.maven.surefire.booter.ProviderFactory.invokeProvider(ProviderFactory.java:86)
	at org.apache.maven.surefire.booter.ForkedBooter.runSuitesInProcess(ForkedBooter.java:153)
	at org.apache.maven.surefire.booter.ForkedBooter.main(ForkedBooter.java:95)
</stack-trace>
            </failure>
            <steps>
                <step start="1474727738301" stop="1474727738301" status="failed">
                    <name>divisionTest[3, 2, 1.3]</name>
                    <title>Check dividing operation result</title>
                </step>
            </steps>
            <attachments/>
            <labels>
                <label name="host" value="ilia-pc"/>
                <label name="thread" value="6288@ilia-pc.main(1)"/>
            </labels>
        </test-case>
    </test-cases>
    <labels>
        <label name="framework" value="JUnit"/>
        <label name="language" value="JAVA"/>
    </labels>
</ns2:test-suite>
