<?xml version="1.0" encoding="UTF-8" standalone="yes"?>
<ns2:test-suite start="1474766908627" stop="1474766908793" xmlns:ns2="urn:model.allure.qatools.yandex.ru">
    <name>org.hometest.test.DivideOperationTest</name>
    <test-cases>
        <test-case start="1474766908627" stop="1474766908627" status="passed">
            <name>Test[1 / 1 = 1]</name>
            <steps>
                <step start="1474766908627" stop="1474766908627" status="passed">
                    <name>divisionTest[1, 1, 1]</name>
                    <title>Check dividing operation result</title>
                </step>
            </steps>
            <attachments/>
            <labels>
                <label name="feature" value="Division"/>
                <label name="host" value="ilia-pc"/>
                <label name="thread" value="7104@ilia-pc.main(1)"/>
            </labels>
        </test-case>
        <test-case start="1474766908628" stop="1474766908628" status="passed">
            <name>Test[12 / 2 = 6]</name>
            <steps>
                <step start="1474766908628" stop="1474766908628" status="passed">
                    <name>divisionTest[12, 2, 6]</name>
                    <title>Check dividing operation result</title>
                </step>
            </steps>
            <attachments/>
            <labels>
                <label name="feature" value="Division"/>
                <label name="host" value="ilia-pc"/>
                <label name="thread" value="7104@ilia-pc.main(1)"/>
            </labels>
        </test-case>
        <test-case start="1474766908628" stop="1474766908628" status="passed">
            <name>Test[0 / 12 = 0]</name>
            <steps>
                <step start="1474766908628" stop="1474766908628" status="passed">
                    <name>divisionTest[0, 12, 0]</name>
                    <title>Check dividing operation result</title>
                </step>
            </steps>
            <attachments/>
            <labels>
                <label name="feature" value="Division"/>
                <label name="host" value="ilia-pc"/>
                <label name="thread" value="7104@ilia-pc.main(1)"/>
            </labels>
        </test-case>
        <test-case start="1474766908629" stop="1474766908629" status="passed">
            <name>Test[-11 / 2 = -5.5]</name>
            <steps>
                <step start="1474766908629" stop="1474766908629" status="passed">
                    <name>divisionTest[-11, 2, -5.5]</name>
                    <title>Check dividing operation result</title>
                </step>
            </steps>
            <attachments/>
            <labels>
                <label name="feature" value="Division"/>
                <label name="host" value="ilia-pc"/>
                <label name="thread" value="7104@ilia-pc.main(1)"/>
            </labels>
        </test-case>
        <test-case start="1474766908629" stop="1474766908629" status="passed">
            <name>Test[-20 / -10 = 2]</name>
            <steps>
                <step start="1474766908629" stop="1474766908629" status="passed">
                    <name>divisionTest[-20, -10, 2]</name>
                    <title>Check dividing operation result</title>
                </step>
            </steps>
            <attachments/>
            <labels>
                <label name="feature" value="Division"/>
                <label name="host" value="ilia-pc"/>
                <label name="thread" value="7104@ilia-pc.main(1)"/>
            </labels>
        </test-case>
        <test-case start="1474766908630" stop="1474766908630" status="passed">
            <name>Test[2 / -1 = -2]</name>
            <steps>
                <step start="1474766908630" stop="1474766908630" status="passed">
                    <name>divisionTest[2, -1, -2]</name>
                    <title>Check dividing operation result</title>
                </step>
            </steps>
            <attachments/>
            <labels>
                <label name="feature" value="Division"/>
                <label name="host" value="ilia-pc"/>
                <label name="thread" value="7104@ilia-pc.main(1)"/>
            </labels>
        </test-case>
        <test-case start="1474766908630" stop="1474766908631" status="failed">
            <name>Test[3 / 2 = 1.3]</name>
            <failure>
                <message>AssertionError: expected:&lt;1.3&gt; but was:&lt;1.5&gt;</message>
                <stack-trace>java.lang.AssertionError: expected:&lt;1.3&gt; but was:&lt;1.5&gt;
	at org.junit.Assert.fail(Assert.java:88)
	at org.junit.Assert.failNotEquals(Assert.java:834)
	at org.junit.Assert.assertEquals(Assert.java:553)
	at org.junit.Assert.assertEquals(Assert.java:683)
	at org.hometest.test.OperationTestSteps.divisionTest(OperationTestSteps.java:40)
	at org.hometest.test.DivideOperationTest.Test(DivideOperationTest.java:29)
	at sun.reflect.NativeMethodAccessorImpl.invoke0(Native Method)
	at sun.reflect.NativeMethodAccessorImpl.invoke(NativeMethodAccessorImpl.java:57)
	at sun.reflect.DelegatingMethodAccessorImpl.invoke(DelegatingMethodAccessorImpl.java:43)
	at java.lang.reflect.Method.invoke(Method.java:606)
	at org.junit.runners.model.FrameworkMethod$1.runReflectiveCall(FrameworkMethod.java:50)
	at org.junit.internal.runners.model.ReflectiveCallable.run(ReflectiveCallable.java:12)
	at org.junit.runners.model.FrameworkMethod.invokeExplosively(FrameworkMethod.java:47)
	at org.junit.internal.runners.statements.InvokeMethod.evaluate(InvokeMethod.java:17)
	at org.junit.runners.ParentRunner.runLeaf(ParentRunner.java:325)
	at org.junit.runners.BlockJUnit4ClassRunner.runChild(BlockJUnit4ClassRunner.java:78)
	at org.junit.runners.BlockJUnit4ClassRunner.runChild(BlockJUnit4ClassRunner.java:57)
	at org.junit.runners.ParentRunner$3.run(ParentRunner.java:290)
	at org.junit.runners.ParentRunner$1.schedule(ParentRunner.java:71)
	at org.junit.runners.ParentRunner.runChildren(ParentRunner.java:288)
	at org.junit.runners.ParentRunner.access$000(ParentRunner.java:58)
	at org.junit.runners.ParentRunner$2.evaluate(ParentRunner.java:268)
	at org.junit.runners.ParentRunner.run(ParentRunner.java:363)
	at org.junit.runners.Suite.runChild(Suite.java:128)
	at org.junit.runners.Suite.runChild(Suite.java:27)
	at org.junit.runners.ParentRunner$3.run(ParentRunner.java:290)
	at org.junit.runners.ParentRunner$1.schedule(ParentRunner.java:71)
	at org.junit.runners.ParentRunner.runChildren(ParentRunner.java:288)
	at org.junit.runners.ParentRunner.access$000(ParentRunner.java:58)
	at org.junit.runners.ParentRunner$2.evaluate(ParentRunner.java:268)
	at org.junit.runners.ParentRunner.run(ParentRunner.java:363)
	at org.apache.maven.surefire.junit4.JUnit4Provider.execute(JUnit4Provider.java:264)
	at org.apache.maven.surefire.junit4.JUnit4Provider.executeTestSet(JUnit4Provider.java:153)
	at org.apache.maven.surefire.junit4.JUnit4Provider.invoke(JUnit4Provider.java:124)
	at sun.reflect.NativeMethodAccessorImpl.invoke0(Native Method)
	at sun.reflect.NativeMethodAccessorImpl.invoke(NativeMethodAccessorImpl.java:57)
	at sun.reflect.DelegatingMethodAccessorImpl.invoke(DelegatingMethodAccessorImpl.java:43)
	at java.lang.reflect.Method.invoke(Method.java:606)
	at org.apache.maven.surefire.util.ReflectionUtils.invokeMethodWithArray2(ReflectionUtils.java:208)
	at org.apache.maven.surefire.booter.ProviderFactory$ProviderProxy.invoke(ProviderFactory.java:158)
	at org.apache.maven.surefire.booter.ProviderFactory.invokeProvider(ProviderFactory.java:86)
	at org.apache.maven.surefire.booter.ForkedBooter.runSuitesInProcess(ForkedBooter.java:153)
	at org.apache.maven.surefire.booter.ForkedBooter.main(ForkedBooter.java:95)
</stack-trace>
            </failure>
            <steps>
                <step start="1474766908630" stop="1474766908630" status="failed">
                    <name>divisionTest[3, 2, 1.3]</name>
                    <title>Check dividing operation result</title>
                </step>
            </steps>
            <attachments/>
            <labels>
                <label name="feature" value="Division"/>
                <label name="host" value="ilia-pc"/>
                <label name="thread" value="7104@ilia-pc.main(1)"/>
            </labels>
        </test-case>
        <test-case start="1474766908665" stop="1474766908665" status="passed">
            <name>Test[1 / 1 = 1]</name>
            <steps>
                <step start="1474766908665" stop="1474766908665" status="passed">
                    <name>divisionTest[1, 1, 1]</name>
                    <title>Check dividing operation result</title>
                </step>
            </steps>
            <attachments/>
            <labels>
                <label name="feature" value="Division"/>
                <label name="host" value="ilia-pc"/>
                <label name="thread" value="7104@ilia-pc.main(1)"/>
            </labels>
        </test-case>
        <test-case start="1474766908666" stop="1474766908666" status="passed">
            <name>Test[12 / 2 = 6]</name>
            <steps>
                <step start="1474766908666" stop="1474766908666" status="passed">
                    <name>divisionTest[12, 2, 6]</name>
                    <title>Check dividing operation result</title>
                </step>
            </steps>
            <attachments/>
            <labels>
                <label name="feature" value="Division"/>
                <label name="host" value="ilia-pc"/>
                <label name="thread" value="7104@ilia-pc.main(1)"/>
            </labels>
        </test-case>
        <test-case start="1474766908666" stop="1474766908666" status="passed">
            <name>Test[0 / 12 = 0]</name>
            <steps>
                <step start="1474766908666" stop="1474766908666" status="passed">
                    <name>divisionTest[0, 12, 0]</name>
                    <title>Check dividing operation result</title>
                </step>
            </steps>
            <attachments/>
            <labels>
                <label name="feature" value="Division"/>
                <label name="host" value="ilia-pc"/>
                <label name="thread" value="7104@ilia-pc.main(1)"/>
            </labels>
        </test-case>
        <test-case start="1474766908667" stop="1474766908667" status="passed">
            <name>Test[-11 / 2 = -5.5]</name>
            <steps>
                <step start="1474766908667" stop="1474766908667" status="passed">
                    <name>divisionTest[-11, 2, -5.5]</name>
                    <title>Check dividing operation result</title>
                </step>
            </steps>
            <attachments/>
            <labels>
                <label name="feature" value="Division"/>
                <label name="host" value="ilia-pc"/>
                <label name="thread" value="7104@ilia-pc.main(1)"/>
            </labels>
        </test-case>
        <test-case start="1474766908667" stop="1474766908667" status="passed">
            <name>Test[-20 / -10 = 2]</name>
            <steps>
                <step start="1474766908667" stop="1474766908667" status="passed">
                    <name>divisionTest[-20, -10, 2]</name>
                    <title>Check dividing operation result</title>
                </step>
            </steps>
            <attachments/>
            <labels>
                <label name="feature" value="Division"/>
                <label name="host" value="ilia-pc"/>
                <label name="thread" value="7104@ilia-pc.main(1)"/>
            </labels>
        </test-case>
        <test-case start="1474766908668" stop="1474766908668" status="passed">
            <name>Test[2 / -1 = -2]</name>
            <steps>
                <step start="1474766908668" stop="1474766908668" status="passed">
                    <name>divisionTest[2, -1, -2]</name>
                    <title>Check dividing operation result</title>
                </step>
            </steps>
            <attachments/>
            <labels>
                <label name="feature" value="Division"/>
                <label name="host" value="ilia-pc"/>
                <label name="thread" value="7104@ilia-pc.main(1)"/>
            </labels>
        </test-case>
        <test-case start="1474766908668" stop="1474766908668" status="failed">
            <name>Test[3 / 2 = 1.3]</name>
            <failure>
                <message>AssertionError: expected:&lt;1.3&gt; but was:&lt;1.5&gt;</message>
                <stack-trace>java.lang.AssertionError: expected:&lt;1.3&gt; but was:&lt;1.5&gt;
	at org.junit.Assert.fail(Assert.java:88)
	at org.junit.Assert.failNotEquals(Assert.java:834)
	at org.junit.Assert.assertEquals(Assert.java:553)
	at org.junit.Assert.assertEquals(Assert.java:683)
	at org.hometest.test.OperationTestSteps.divisionTest(OperationTestSteps.java:40)
	at org.hometest.test.DivideOperationTest.Test(DivideOperationTest.java:29)
	at sun.reflect.NativeMethodAccessorImpl.invoke0(Native Method)
	at sun.reflect.NativeMethodAccessorImpl.invoke(NativeMethodAccessorImpl.java:57)
	at sun.reflect.DelegatingMethodAccessorImpl.invoke(DelegatingMethodAccessorImpl.java:43)
	at java.lang.reflect.Method.invoke(Method.java:606)
	at org.junit.runners.model.FrameworkMethod$1.runReflectiveCall(FrameworkMethod.java:50)
	at org.junit.internal.runners.model.ReflectiveCallable.run(ReflectiveCallable.java:12)
	at org.junit.runners.model.FrameworkMethod.invokeExplosively(FrameworkMethod.java:47)
	at org.junit.internal.runners.statements.InvokeMethod.evaluate(InvokeMethod.java:17)
	at org.junit.runners.ParentRunner.runLeaf(ParentRunner.java:325)
	at org.junit.runners.BlockJUnit4ClassRunner.runChild(BlockJUnit4ClassRunner.java:78)
	at org.junit.runners.BlockJUnit4ClassRunner.runChild(BlockJUnit4ClassRunner.java:57)
	at org.junit.runners.ParentRunner$3.run(ParentRunner.java:290)
	at org.junit.runners.ParentRunner$1.schedule(ParentRunner.java:71)
	at org.junit.runners.ParentRunner.runChildren(ParentRunner.java:288)
	at org.junit.runners.ParentRunner.access$000(ParentRunner.java:58)
	at org.junit.runners.ParentRunner$2.evaluate(ParentRunner.java:268)
	at org.junit.runners.ParentRunner.run(ParentRunner.java:363)
	at org.junit.runners.Suite.runChild(Suite.java:128)
	at org.junit.runners.Suite.runChild(Suite.java:27)
	at org.junit.runners.ParentRunner$3.run(ParentRunner.java:290)
	at org.junit.runners.ParentRunner$1.schedule(ParentRunner.java:71)
	at org.junit.runners.ParentRunner.runChildren(ParentRunner.java:288)
	at org.junit.runners.ParentRunner.access$000(ParentRunner.java:58)
	at org.junit.runners.ParentRunner$2.evaluate(ParentRunner.java:268)
	at org.junit.runners.ParentRunner.run(ParentRunner.java:363)
	at org.junit.runners.Suite.runChild(Suite.java:128)
	at org.junit.runners.Suite.runChild(Suite.java:27)
	at org.junit.runners.ParentRunner$3.run(ParentRunner.java:290)
	at org.junit.runners.ParentRunner$1.schedule(ParentRunner.java:71)
	at org.junit.runners.ParentRunner.runChildren(ParentRunner.java:288)
	at org.junit.runners.ParentRunner.access$000(ParentRunner.java:58)
	at org.junit.runners.ParentRunner$2.evaluate(ParentRunner.java:268)
	at org.junit.runners.ParentRunner.run(ParentRunner.java:363)
	at org.apache.maven.surefire.junit4.JUnit4Provider.execute(JUnit4Provider.java:264)
	at org.apache.maven.surefire.junit4.JUnit4Provider.executeTestSet(JUnit4Provider.java:153)
	at org.apache.maven.surefire.junit4.JUnit4Provider.invoke(JUnit4Provider.java:124)
	at sun.reflect.NativeMethodAccessorImpl.invoke0(Native Method)
	at sun.reflect.NativeMethodAccessorImpl.invoke(NativeMethodAccessorImpl.java:57)
	at sun.reflect.DelegatingMethodAccessorImpl.invoke(DelegatingMethodAccessorImpl.java:43)
	at java.lang.reflect.Method.invoke(Method.java:606)
	at org.apache.maven.surefire.util.ReflectionUtils.invokeMethodWithArray2(ReflectionUtils.java:208)
	at org.apache.maven.surefire.booter.ProviderFactory$ProviderProxy.invoke(ProviderFactory.java:158)
	at org.apache.maven.surefire.booter.ProviderFactory.invokeProvider(ProviderFactory.java:86)
	at org.apache.maven.surefire.booter.ForkedBooter.runSuitesInProcess(ForkedBooter.java:153)
	at org.apache.maven.surefire.booter.ForkedBooter.main(ForkedBooter.java:95)
</stack-trace>
            </failure>
            <steps>
                <step start="1474766908668" stop="1474766908668" status="failed">
                    <name>divisionTest[3, 2, 1.3]</name>
                    <title>Check dividing operation result</title>
                </step>
            </steps>
            <attachments/>
            <labels>
                <label name="feature" value="Division"/>
                <label name="host" value="ilia-pc"/>
                <label name="thread" value="7104@ilia-pc.main(1)"/>
            </labels>
        </test-case>
    </test-cases>
    <labels>
        <label name="framework" value="JUnit"/>
        <label name="language" value="JAVA"/>
    </labels>
</ns2:test-suite>
