-------------------------------------------------------------------------------
Test set: org.hometest.test.TestSuite
-------------------------------------------------------------------------------
Tests run: 27, Failures: 6, Errors: 0, Skipped: 0, Time elapsed: 0.314 sec <<< FAILURE!
TestAdding[1 + -21 = -21](org.hometest.test.AddOperationTest)  Time elapsed: 0.007 sec  <<< FAILURE!
java.lang.AssertionError: expected:<-21> but was:<-20>
	at org.junit.Assert.fail(Assert.java:88)
	at org.junit.Assert.failNotEquals(Assert.java:834)
	at org.junit.Assert.assertEquals(Assert.java:645)
	at org.junit.Assert.assertEquals(Assert.java:631)
	at org.hometest.test.OperationTestSteps.addTest(OperationTestSteps.java:17)
	at org.hometest.test.AddOperationTest.TestAdding(AddOperationTest.java:33)

TestSubtracting[2 - 1 = 1333](org.hometest.test.SubtractOperationTest)  Time elapsed: 0.001 sec  <<< FAILURE!
java.lang.AssertionError: expected:<1333> but was:<1>
	at org.junit.Assert.fail(Assert.java:88)
	at org.junit.Assert.failNotEquals(Assert.java:834)
	at org.junit.Assert.assertEquals(Assert.java:645)
	at org.junit.Assert.assertEquals(Assert.java:631)
	at org.hometest.test.OperationTestSteps.subtractTest(OperationTestSteps.java:24)
	at org.hometest.test.SubtractOperationTest.TestSubtracting(SubtractOperationTest.java:31)

TestSubtracting[0 - 543 = 543](org.hometest.test.SubtractOperationTest)  Time elapsed: 0.001 sec  <<< FAILURE!
java.lang.AssertionError: expected:<543> but was:<-543>
	at org.junit.Assert.fail(Assert.java:88)
	at org.junit.Assert.failNotEquals(Assert.java:834)
	at org.junit.Assert.assertEquals(Assert.java:645)
	at org.junit.Assert.assertEquals(Assert.java:631)
	at org.hometest.test.OperationTestSteps.subtractTest(OperationTestSteps.java:24)
	at org.hometest.test.SubtractOperationTest.TestSubtracting(SubtractOperationTest.java:31)

TestSubtracting[-13 - -14 = -1](org.hometest.test.SubtractOperationTest)  Time elapsed: 0 sec  <<< FAILURE!
java.lang.AssertionError: expected:<-1> but was:<1>
	at org.junit.Assert.fail(Assert.java:88)
	at org.junit.Assert.failNotEquals(Assert.java:834)
	at org.junit.Assert.assertEquals(Assert.java:645)
	at org.junit.Assert.assertEquals(Assert.java:631)
	at org.hometest.test.OperationTestSteps.subtractTest(OperationTestSteps.java:24)
	at org.hometest.test.SubtractOperationTest.TestSubtracting(SubtractOperationTest.java:31)

TestDivision[3 / 2 = 1.3](org.hometest.test.DivisionOperationTest)  Time elapsed: 0 sec  <<< FAILURE!
java.lang.AssertionError: expected:<1.3> but was:<1.5>
	at org.junit.Assert.fail(Assert.java:88)
	at org.junit.Assert.failNotEquals(Assert.java:834)
	at org.junit.Assert.assertEquals(Assert.java:553)
	at org.junit.Assert.assertEquals(Assert.java:683)
	at org.hometest.test.OperationTestSteps.divisionTest(OperationTestSteps.java:39)
	at org.hometest.test.DivisionOperationTest.TestDivision(DivisionOperationTest.java:30)

TestDivision[3 / 0 = 1.3](org.hometest.test.DivisionOperationTest)  Time elapsed: 0 sec  <<< FAILURE!
java.lang.AssertionError: expected:<1.3> but was:<Infinity>
	at org.junit.Assert.fail(Assert.java:88)
	at org.junit.Assert.failNotEquals(Assert.java:834)
	at org.junit.Assert.assertEquals(Assert.java:553)
	at org.junit.Assert.assertEquals(Assert.java:683)
	at org.hometest.test.OperationTestSteps.divisionTest(OperationTestSteps.java:39)
	at org.hometest.test.DivisionOperationTest.TestDivision(DivisionOperationTest.java:30)

