-------------------------------------------------------------------------------
Test set: org.hometest.test.AddOperationTest
-------------------------------------------------------------------------------
Tests run: 8, Failures: 1, Errors: 0, Skipped: 0, Time elapsed: 0.291 sec <<< FAILURE!
Test[1 + -21 = -21](org.hometest.test.AddOperationTest)  Time elapsed: 0.01 sec  <<< FAILURE!
java.lang.AssertionError: expected:<-21> but was:<-20>
	at org.junit.Assert.fail(Assert.java:88)
	at org.junit.Assert.failNotEquals(Assert.java:834)
	at org.junit.Assert.assertEquals(Assert.java:645)
	at org.junit.Assert.assertEquals(Assert.java:631)
	at org.hometest.test.OperationTestSteps.addTest(OperationTestSteps.java:18)
	at org.hometest.test.AddOperationTest.Test(AddOperationTest.java:31)

