-------------------------------------------------------------------------------
Test set: org.hometest.test.OperationTest
-------------------------------------------------------------------------------
Tests run: 24, Failures: 3, Errors: 0, Skipped: 0, Time elapsed: 0.302 sec <<< FAILURE!
Test[2 - 1 = 1333](org.hometest.test.OperationTest)  Time elapsed: 0.011 sec  <<< FAILURE!
java.lang.AssertionError: expected:<1333> but was:<1>
	at org.junit.Assert.fail(Assert.java:88)
	at org.junit.Assert.failNotEquals(Assert.java:834)
	at org.junit.Assert.assertEquals(Assert.java:645)
	at org.junit.Assert.assertEquals(Assert.java:631)
	at org.hometest.test.OperationTestSteps.subtractTest(OperationTestSteps.java:25)
	at org.hometest.test.OperationTest.Test(OperationTest.java:45)

Test[0 - 543 = 543](org.hometest.test.OperationTest)  Time elapsed: 0.002 sec  <<< FAILURE!
java.lang.AssertionError: expected:<543> but was:<-543>
	at org.junit.Assert.fail(Assert.java:88)
	at org.junit.Assert.failNotEquals(Assert.java:834)
	at org.junit.Assert.assertEquals(Assert.java:645)
	at org.junit.Assert.assertEquals(Assert.java:631)
	at org.hometest.test.OperationTestSteps.subtractTest(OperationTestSteps.java:25)
	at org.hometest.test.OperationTest.Test(OperationTest.java:45)

Test[3 / 2 = 1.3](org.hometest.test.OperationTest)  Time elapsed: 0.001 sec  <<< FAILURE!
java.lang.AssertionError: expected:<1.3> but was:<1.5>
	at org.junit.Assert.fail(Assert.java:88)
	at org.junit.Assert.failNotEquals(Assert.java:834)
	at org.junit.Assert.assertEquals(Assert.java:553)
	at org.junit.Assert.assertEquals(Assert.java:683)
	at org.hometest.test.OperationTestSteps.divisionTest(OperationTestSteps.java:40)
	at org.hometest.test.OperationTest.Test(OperationTest.java:51)

