-------------------------------------------------------------------------------
Test set: org.hometest.test.DivideOperationTest
-------------------------------------------------------------------------------
Tests run: 7, Failures: 1, Errors: 0, Skipped: 0, Time elapsed: 0.001 sec <<< FAILURE!
Test[3 / 2 = 1.3](org.hometest.test.DivideOperationTest)  Time elapsed: 0.001 sec  <<< FAILURE!
java.lang.AssertionError: expected:<1.3> but was:<1.5>
	at org.junit.Assert.fail(Assert.java:88)
	at org.junit.Assert.failNotEquals(Assert.java:834)
	at org.junit.Assert.assertEquals(Assert.java:553)
	at org.junit.Assert.assertEquals(Assert.java:683)
	at org.hometest.test.OperationTestSteps.divisionTest(OperationTestSteps.java:40)
	at org.hometest.test.DivideOperationTest.Test(DivideOperationTest.java:29)

